[0508/160735.656:ERROR:file_io.cc(134)] WriteFile: The pipe is being closed. (0xE8)
[0508/171440.793:ERROR:process_memory_win.cc(73)] ReadMemory at 0x7ff7b7c90000 of 64 bytes failed: Only part of a ReadProcessMemory or WriteProcessMemory request was completed. (0x12B)
[0508/171442.566:WARNING:pe_image_reader.cc(340)] could not read dos header from C:\Program Files (x86)\Google\Chrome\Application\chrome.exe
[0508/171442.567:ERROR:process_memory_win.cc(73)] ReadMemory at 0x7ffcfa5e0000 of 64 bytes failed: Only part of a ReadProcessMemory or WriteProcessMemory request was completed. (0x12B)
[0508/171442.567:WARNING:pe_image_reader.cc(340)] could not read dos header from C:\WINDOWS\SYSTEM32\ntdll.dll
[0508/171442.567:ERROR:process_memory_win.cc(73)] ReadMemory at 0x7ffcf7ab0000 of 64 bytes failed: Only part of a ReadProcessMemory or WriteProcessMemory request was completed. (0x12B)
[0508/171443.101:WARNING:pe_image_reader.cc(340)] could not read dos header from C:\WINDOWS\System32\KERNEL32.dll
[0508/171443.101:ERROR:process_memory_win.cc(73)] ReadMemory at 0x7ffcf6a70000 of 64 bytes failed: Only part of a ReadProcessMemory or WriteProcessMemory request was completed. (0x12B)
[0508/171443.102:WARNING:pe_image_reader.cc(340)] could not read dos header from C:\WINDOWS\System32\KERNELBASE.dll
[0508/171443.102:ERROR:process_memory_win.cc(73)] ReadMemory at 0x7ffcf4930000 of 64 bytes failed: Only part of a ReadProcessMemory or WriteProcessMemory request was completed. (0x12B)
[0508/171443.102:WARNING:pe_image_reader.cc(340)] could not read dos header from C:\WINDOWS\SYSTEM32\apphelp.dll
[0508/171443.102:ERROR:process_memory_win.cc(73)] ReadMemory at 0x7ffcf88b0000 of 64 bytes failed: Only part of a ReadProcessMemory or WriteProcessMemory request was completed. (0x12B)
[0508/171443.102:WARNING:pe_image_reader.cc(340)] could not read dos header from C:\WINDOWS\System32\SHELL32.dll
[0508/171443.102:ERROR:process_memory_win.cc(73)] ReadMemory at 0x2dd8a2f0000 of 64 bytes failed: Only part of a ReadProcessMemory or WriteProcessMemory request was completed. (0x12B)
[0508/171443.102:WARNING:pe_image_reader.cc(340)] could not read dos header from C:\WINDOWS\System32\msvcrt.dll
[0508/171443.102:ERROR:process_memory_win.cc(73)] ReadMemory at 0x7ffcf6ef0000 of 64 bytes failed: Only part of a ReadProcessMemory or WriteProcessMemory request was completed. (0x12B)
[0508/171443.102:WARNING:pe_image_reader.cc(340)] could not read dos header from C:\WINDOWS\System32\cfgmgr32.dll
[0508/171443.102:ERROR:process_memory_win.cc(73)] ReadMemory at 0x7ffcf6750000 of 64 bytes failed: Only part of a ReadProcessMemory or WriteProcessMemory request was completed. (0x12B)
[0508/171443.102:WARNING:pe_image_reader.cc(340)] could not read dos header from C:\WINDOWS\System32\ucrtbase.dll
[0508/171443.103:ERROR:process_memory_win.cc(73)] ReadMemory at 0x7ffcfa270000 of 64 bytes failed: Only part of a ReadProcessMemory or WriteProcessMemory request was completed. (0x12B)
[0508/171443.103:WARNING:pe_image_reader.cc(340)] could not read dos header from C:\WINDOWS\System32\shcore.dll
[0508/171443.103:ERROR:process_memory_win.cc(73)] ReadMemory at 0x7ffcf78a0000 of 64 bytes failed: Only part of a ReadProcessMemory or WriteProcessMemory request was completed. (0x12B)
[0508/171443.103:WARNING:pe_image_reader.cc(340)] could not read dos header from C:\WINDOWS\System32\RPCRT4.dll
[0508/171443.103:ERROR:process_memory_win.cc(73)] ReadMemory at 0x7ffcf8420000 of 64 bytes failed: Only part of a ReadProcessMemory or WriteProcessMemory request was completed. (0x12B)
[0508/171443.103:WARNING:pe_image_reader.cc(340)] could not read dos header from C:\WINDOWS\System32\combase.dll
[0508/171443.103:ERROR:process_memory_win.cc(73)] ReadMemory at 0x7ffcf7690000 of 64 bytes failed: Only part of a ReadProcessMemory or WriteProcessMemory request was completed. (0x12B)
[0508/171443.103:WARNING:pe_image_reader.cc(340)] could not read dos header from C:\WINDOWS\System32\bcryptPrimitives.dll
[0508/171443.103:ERROR:process_memory_win.cc(73)] ReadMemory at 0x7ffcf6f40000 of 64 bytes failed: Only part of a ReadProcessMemory or WriteProcessMemory request was completed. (0x12B)
[0508/171443.103:WARNING:pe_image_reader.cc(340)] could not read dos header from C:\WINDOWS\System32\windows.storage.dll
[0508/171443.104:ERROR:process_memory_win.cc(73)] ReadMemory at 0x7ffcf77f0000 of 64 bytes failed: Only part of a ReadProcessMemory or WriteProcessMemory request was completed. (0x12B)
[0508/171443.104:WARNING:pe_image_reader.cc(340)] could not read dos header from C:\WINDOWS\System32\msvcp_win.dll
[0508/171443.104:ERROR:process_memory_win.cc(73)] ReadMemory at 0x7ffcf7d50000 of 64 bytes failed: Only part of a ReadProcessMemory or WriteProcessMemory request was completed. (0x12B)
[0508/171443.104:WARNING:pe_image_reader.cc(340)] could not read dos header from C:\WINDOWS\System32\sechost.dll
[0508/171443.104:ERROR:process_memory_win.cc(73)] ReadMemory at 0x7ffcf7a00000 of 64 bytes failed: Only part of a ReadProcessMemory or WriteProcessMemory request was completed. (0x12B)
[0508/171443.104:WARNING:pe_image_reader.cc(340)] could not read dos header from C:\WINDOWS\System32\advapi32.dll
[0508/171443.104:ERROR:process_memory_win.cc(73)] ReadMemory at 0x7ffcf6660000 of 64 bytes failed: Only part of a ReadProcessMemory or WriteProcessMemory request was completed. (0x12B)
[0508/171443.104:WARNING:pe_image_reader.cc(340)] could not read dos header from C:\WINDOWS\System32\profapi.dll
[0508/171443.104:ERROR:process_memory_win.cc(73)] ReadMemory at 0x7ffcf66d0000 of 64 bytes failed: Only part of a ReadProcessMemory or WriteProcessMemory request was completed. (0x12B)
[0508/171443.104:WARNING:pe_image_reader.cc(340)] could not read dos header from C:\WINDOWS\System32\powrprof.dll
[0508/171443.104:ERROR:process_memory_win.cc(73)] ReadMemory at 0x7ffcf9da0000 of 64 bytes failed: Only part of a ReadProcessMemory or WriteProcessMemory request was completed. (0x12B)
[0508/171443.105:WARNING:pe_image_reader.cc(340)] could not read dos header from C:\WINDOWS\System32\shlwapi.dll
[0508/171443.105:ERROR:process_memory_win.cc(73)] ReadMemory at 0x7ffcf87d0000 of 64 bytes failed: Only part of a ReadProcessMemory or WriteProcessMemory request was completed. (0x12B)
[0508/171443.105:WARNING:pe_image_reader.cc(340)] could not read dos header from C:\WINDOWS\System32\GDI32.dll
[0508/171443.105:ERROR:process_memory_win.cc(73)] ReadMemory at 0x7ffcf68d0000 of 64 bytes failed: Only part of a ReadProcessMemory or WriteProcessMemory request was completed. (0x12B)
[0508/171443.105:WARNING:pe_image_reader.cc(340)] could not read dos header from C:\WINDOWS\System32\gdi32full.dll
[0508/171443.105:ERROR:process_memory_win.cc(73)] ReadMemory at 0x7ffcfa0d0000 of 64 bytes failed: Only part of a ReadProcessMemory or WriteProcessMemory request was completed. (0x12B)
[0508/171443.105:WARNING:pe_image_reader.cc(340)] could not read dos header from C:\WINDOWS\System32\USER32.dll
[0508/171443.105:ERROR:process_memory_win.cc(73)] ReadMemory at 0x7ffcf6730000 of 64 bytes failed: Only part of a ReadProcessMemory or WriteProcessMemory request was completed. (0x12B)
[0508/171443.105:WARNING:pe_image_reader.cc(340)] could not read dos header from C:\WINDOWS\System32\win32u.dll
[0508/171443.105:ERROR:process_memory_win.cc(73)] ReadMemory at 0x7ffcf66b0000 of 64 bytes failed: Only part of a ReadProcessMemory or WriteProcessMemory request was completed. (0x12B)
[0508/171443.105:WARNING:pe_image_reader.cc(340)] could not read dos header from C:\WINDOWS\System32\kernel.appcore.dll
[0508/171443.105:ERROR:process_memory_win.cc(73)] ReadMemory at 0x7ffcf6850000 of 64 bytes failed: Only part of a ReadProcessMemory or WriteProcessMemory request was completed. (0x12B)
[0508/171443.106:WARNING:pe_image_reader.cc(340)] could not read dos header from C:\WINDOWS\System32\cryptsp.dll
[0508/171443.106:ERROR:process_memory_win.cc(73)] ReadMemory at 0x7ffcd7690000 of 64 bytes failed: Only part of a ReadProcessMemory or WriteProcessMemory request was completed. (0x12B)
[0508/171443.106:WARNING:pe_image_reader.cc(340)] could not read dos header from C:\Program Files (x86)\Google\Chrome\Application\74.0.3729.131\chrome_elf.dll
[0508/171443.106:ERROR:process_memory_win.cc(73)] ReadMemory at 0x7ffcea8c0000 of 64 bytes failed: Only part of a ReadProcessMemory or WriteProcessMemory request was completed. (0x12B)
[0508/171443.106:WARNING:pe_image_reader.cc(340)] could not read dos header from C:\WINDOWS\SYSTEM32\VERSION.dll
[0508/171443.106:ERROR:process_memory_win.cc(73)] ReadMemory at 0x7ffcf4820000 of 64 bytes failed: Only part of a ReadProcessMemory or WriteProcessMemory request was completed. (0x12B)
[0508/171443.106:WARNING:pe_image_reader.cc(340)] could not read dos header from C:\WINDOWS\SYSTEM32\WINMM.dll
[0508/171443.106:ERROR:process_memory_win.cc(73)] ReadMemory at 0x7ffcf6590000 of 64 bytes failed: Only part of a ReadProcessMemory or WriteProcessMemory request was completed. (0x12B)
[0508/171443.106:WARNING:pe_image_reader.cc(340)] could not read dos header from C:\WINDOWS\SYSTEM32\USERENV.dll
[0508/171443.106:ERROR:process_memory_win.cc(73)] ReadMemory at 0x7ffcf47f0000 of 64 bytes failed: Only part of a ReadProcessMemory or WriteProcessMemory request was completed. (0x12B)
[0508/171443.107:WARNING:pe_image_reader.cc(340)] could not read dos header from C:\WINDOWS\SYSTEM32\WINMMBASE.dll
[0508/171443.107:ERROR:process_memory_win.cc(73)] ReadMemory at 0x7ffcf6050000 of 64 bytes failed: Only part of a ReadProcessMemory or WriteProcessMemory request was completed. (0x12B)
[0508/171443.107:WARNING:pe_image_reader.cc(340)] could not read dos header from C:\WINDOWS\SYSTEM32\CRYPTBASE.DLL
[0508/171443.107:ERROR:process_memory_win.cc(73)] ReadMemory at 0x7ffcf79d0000 of 64 bytes failed: Only part of a ReadProcessMemory or WriteProcessMemory request was completed. (0x12B)
[0508/171443.107:WARNING:pe_image_reader.cc(340)] could not read dos header from C:\WINDOWS\System32\IMM32.DLL
[0508/171443.107:ERROR:process_memory_win.cc(73)] ReadMemory at 0x7ffca0600000 of 64 bytes failed: Only part of a ReadProcessMemory or WriteProcessMemory request was completed. (0x12B)
[0508/171443.107:WARNING:pe_image_reader.cc(340)] could not read dos header from C:\Program Files (x86)\Google\Chrome\Application\74.0.3729.131\chrome_child.dll
[0508/171443.107:ERROR:process_memory_win.cc(73)] ReadMemory at 0x7ffcfa380000 of 64 bytes failed: Only part of a ReadProcessMemory or WriteProcessMemory request was completed. (0x12B)
[0508/171443.107:WARNING:pe_image_reader.cc(340)] could not read dos header from C:\WINDOWS\System32\WS2_32.dll
[0508/171443.107:ERROR:process_memory_win.cc(73)] ReadMemory at 0x7ffcfa3f0000 of 64 bytes failed: Only part of a ReadProcessMemory or WriteProcessMemory request was completed. (0x12B)
[0508/171443.108:WARNING:pe_image_reader.cc(340)] could not read dos header from C:\WINDOWS\System32\ole32.dll
[0508/171443.108:ERROR:process_memory_win.cc(73)] ReadMemory at 0x7ffcf9e00000 of 64 bytes failed: Only part of a ReadProcessMemory or WriteProcessMemory request was completed. (0x12B)
[0508/171443.108:WARNING:pe_image_reader.cc(340)] could not read dos header from C:\WINDOWS\System32\OLEAUT32.dll
[0508/171443.108:ERROR:process_memory_win.cc(73)] ReadMemory at 0x7ffcf6870000 of 64 bytes failed: Only part of a ReadProcessMemory or WriteProcessMemory request was completed. (0x12B)
[0508/171443.108:WARNING:pe_image_reader.cc(340)] could not read dos header from C:\WINDOWS\System32\WINTRUST.dll
[0508/171443.108:ERROR:process_memory_win.cc(73)] ReadMemory at 0x7ffcf6690000 of 64 bytes failed: Only part of a ReadProcessMemory or WriteProcessMemory request was completed. (0x12B)
[0508/171443.108:WARNING:pe_image_reader.cc(340)] could not read dos header from C:\WINDOWS\System32\MSASN1.dll
[0508/171443.108:ERROR:process_memory_win.cc(73)] ReadMemory at 0x7ffcf6d10000 of 64 bytes failed: Only part of a ReadProcessMemory or WriteProcessMemory request was completed. (0x12B)
[0508/171443.108:WARNING:pe_image_reader.cc(340)] could not read dos header from C:\WINDOWS\System32\CRYPT32.dll
[0508/171443.108:ERROR:process_memory_win.cc(73)] ReadMemory at 0x7ffcf7c10000 of 64 bytes failed: Only part of a ReadProcessMemory or WriteProcessMemory request was completed. (0x12B)
[0508/171443.739:WARNING:pe_image_reader.cc(340)] could not read dos header from C:\WINDOWS\System32\COMDLG32.dll
[0508/171443.739:ERROR:process_memory_win.cc(73)] ReadMemory at 0x7ffcf5be0000 of 64 bytes failed: Only part of a ReadProcessMemory or WriteProcessMemory request was completed. (0x12B)
[0508/171443.739:WARNING:pe_image_reader.cc(340)] could not read dos header from C:\WINDOWS\SYSTEM32\IPHLPAPI.DLL
[0508/171443.739:ERROR:process_memory_win.cc(73)] ReadMemory at 0x7ffcef8e0000 of 64 bytes failed: Only part of a ReadProcessMemory or WriteProcessMemory request was completed. (0x12B)
[0508/171443.739:WARNING:pe_image_reader.cc(340)] could not read dos header from C:\WINDOWS\SYSTEM32\OLEACC.dll
[0508/171443.739:ERROR:process_memory_win.cc(73)] ReadMemory at 0x7ffcd5d30000 of 64 bytes failed: Only part of a ReadProcessMemory or WriteProcessMemory request was completed. (0x12B)
[0508/171443.739:WARNING:pe_image_reader.cc(340)] could not read dos header from C:\WINDOWS\SYSTEM32\UIAutomationCore.DLL
[0508/171443.739:ERROR:process_memory_win.cc(73)] ReadMemory at 0x7ffcf4650000 of 64 bytes failed: Only part of a ReadProcessMemory or WriteProcessMemory request was completed. (0x12B)
[0508/171443.739:WARNING:pe_image_reader.cc(340)] could not read dos header from C:\WINDOWS\SYSTEM32\WTSAPI32.dll
[0508/171443.739:ERROR:process_memory_win.cc(73)] ReadMemory at 0x7ffce7d70000 of 64 bytes failed: Only part of a ReadProcessMemory or WriteProcessMemory request was completed. (0x12B)
[0508/171443.739:WARNING:pe_image_reader.cc(340)] could not read dos header from C:\WINDOWS\SYSTEM32\DWrite.dll
[0508/171443.739:ERROR:process_memory_win.cc(73)] ReadMemory at 0x7ffcf53e0000 of 64 bytes failed: Only part of a ReadProcessMemory or WriteProcessMemory request was completed. (0x12B)
[0508/171443.739:WARNING:pe_image_reader.cc(340)] could not read dos header from C:\WINDOWS\SYSTEM32\dxgi.dll
[0508/171443.739:ERROR:process_memory_win.cc(73)] ReadMemory at 0x7ffce5400000 of 64 bytes failed: Only part of a ReadProcessMemory or WriteProcessMemory request was completed. (0x12B)
[0508/171443.739:WARNING:pe_image_reader.cc(340)] could not read dos header from C:\WINDOWS\SYSTEM32\WINSPOOL.DRV
[0508/171443.739:ERROR:process_memory_win.cc(73)] ReadMemory at 0x7ffcf77c0000 of 64 bytes failed: Only part of a ReadProcessMemory or WriteProcessMemory request was completed. (0x12B)
[0508/171443.740:WARNING:pe_image_reader.cc(340)] could not read dos header from C:\WINDOWS\System32\bcrypt.dll
[0508/171443.740:ERROR:process_memory_win.cc(73)] ReadMemory at 0x7ffcea600000 of 64 bytes failed: Only part of a ReadProcessMemory or WriteProcessMemory request was completed. (0x12B)
[0508/171443.740:WARNING:pe_image_reader.cc(340)] could not read dos header from C:\WINDOWS\SYSTEM32\dbghelp.dll
[0508/171443.740:ERROR:process_memory_win.cc(73)] ReadMemory at 0x7ffce13c0000 of 64 bytes failed: Only part of a ReadProcessMemory or WriteProcessMemory request was completed. (0x12B)
[0508/171443.740:WARNING:pe_image_reader.cc(340)] could not read dos header from C:\WINDOWS\WinSxS\amd64_microsoft.windows.common-controls_6595b64144ccf1df_6.0.17763.437_none_05b63dca071e5dd6\COMCTL32.dll
[0508/171443.740:ERROR:process_memory_win.cc(73)] ReadMemory at 0x7ffcef520000 of 64 bytes failed: Only part of a ReadProcessMemory or WriteProcessMemory request was completed. (0x12B)
[0508/171443.740:WARNING:pe_image_reader.cc(340)] could not read dos header from C:\WINDOWS\SYSTEM32\USP10.dll
[0508/171443.740:ERROR:process_memory_win.cc(73)] ReadMemory at 0x7ffced1b0000 of 64 bytes failed: Only part of a ReadProcessMemory or WriteProcessMemory request was completed. (0x12B)
[0508/171443.740:WARNING:pe_image_reader.cc(340)] could not read dos header from C:\WINDOWS\SYSTEM32\WINHTTP.dll
[0508/171443.740:ERROR:process_memory_win.cc(73)] ReadMemory at 0x7ffced440000 of 64 bytes failed: Only part of a ReadProcessMemory or WriteProcessMemory request was completed. (0x12B)
[0508/171443.740:WARNING:pe_image_reader.cc(340)] could not read dos header from C:\WINDOWS\SYSTEM32\urlmon.dll
[0508/171443.740:ERROR:process_memory_win.cc(73)] ReadMemory at 0x7ffce23d0000 of 64 bytes failed: Only part of a ReadProcessMemory or WriteProcessMemory request was completed. (0x12B)
[0508/171443.740:WARNING:pe_image_reader.cc(340)] could not read dos header from C:\WINDOWS\SYSTEM32\Secur32.dll
[0508/171443.740:ERROR:process_memory_win.cc(73)] ReadMemory at 0x7ffcee320000 of 64 bytes failed: Only part of a ReadProcessMemory or WriteProcessMemory request was completed. (0x12B)
[0508/171443.740:WARNING:pe_image_reader.cc(340)] could not read dos header from C:\WINDOWS\SYSTEM32\dhcpcsvc.DLL
[0508/171443.740:ERROR:process_memory_win.cc(73)] ReadMemory at 0x7ffcf7d40000 of 64 bytes failed: Only part of a ReadProcessMemory or WriteProcessMemory request was completed. (0x12B)
[0508/171443.740:WARNING:pe_image_reader.cc(340)] could not read dos header from C:\WINDOWS\System32\NSI.dll
[0508/171443.740:ERROR:process_memory_win.cc(73)] ReadMemory at 0x7ffcedda0000 of 64 bytes failed: Only part of a ReadProcessMemory or WriteProcessMemory request was completed. (0x12B)
[0508/171443.741:WARNING:pe_image_reader.cc(340)] could not read dos header from C:\WINDOWS\SYSTEM32\Bcp47Langs.dll
[0508/171443.741:ERROR:process_memory_win.cc(73)] ReadMemory at 0x7ffcf4350000 of 64 bytes failed: Only part of a ReadProcessMemory or WriteProcessMemory request was completed. (0x12B)
[0508/171443.741:WARNING:pe_image_reader.cc(340)] could not read dos header from C:\WINDOWS\SYSTEM32\PROPSYS.dll
[0508/171443.741:ERROR:process_memory_win.cc(73)] ReadMemory at 0x7ffcecea0000 of 64 bytes failed: Only part of a ReadProcessMemory or WriteProcessMemory request was completed. (0x12B)
[0508/171443.741:WARNING:pe_image_reader.cc(340)] could not read dos header from C:\WINDOWS\SYSTEM32\iertutil.dll
[0508/171443.741:ERROR:process_memory_win.cc(73)] ReadMemory at 0x7ffcf6560000 of 64 bytes failed: Only part of a ReadProcessMemory or WriteProcessMemory request was completed. (0x12B)
[0508/171443.741:WARNING:pe_image_reader.cc(340)] could not read dos header from C:\WINDOWS\SYSTEM32\SSPICLI.DLL
[0508/171443.741:ERROR:process_memory_win.cc(73)] ReadMemory at 0x7ffcf7df0000 of 64 bytes failed: Only part of a ReadProcessMemory or WriteProcessMemory request was completed. (0x12B)
[0508/171443.741:WARNING:pe_image_reader.cc(340)] could not read dos header from C:\WINDOWS\System32\SETUPAPI.dll
[0508/171443.741:ERROR:process_memory_win.cc(73)] ReadMemory at 0x7ffcf6470000 of 64 bytes failed: Only part of a ReadProcessMemory or WriteProcessMemory request was completed. (0x12B)
[0508/171443.741:WARNING:pe_image_reader.cc(340)] could not read dos header from C:\WINDOWS\SYSTEM32\DEVOBJ.dll
[0508/171443.741:ERROR:process_memory_win.cc(73)] ReadMemory at 0x7ffcde970000 of 64 bytes failed: Only part of a ReadProcessMemory or WriteProcessMemory request was completed. (0x12B)
[0508/171443.741:WARNING:pe_image_reader.cc(340)] could not read dos header from C:\WINDOWS\SYSTEM32\mf.dll
[0508/171443.741:ERROR:process_memory_win.cc(73)] ReadMemory at 0x7ffcdf630000 of 64 bytes failed: Only part of a ReadProcessMemory or WriteProcessMemory request was completed. (0x12B)
[0508/171443.741:WARNING:pe_image_reader.cc(340)] could not read dos header from C:\WINDOWS\SYSTEM32\mfplat.dll
[0508/171443.741:ERROR:process_memory_win.cc(73)] ReadMemory at 0x7ffcef950000 of 64 bytes failed: Only part of a ReadProcessMemory or WriteProcessMemory request was completed. (0x12B)
[0508/171443.741:WARNING:pe_image_reader.cc(340)] could not read dos header from C:\WINDOWS\SYSTEM32\RTWorkQ.DLL
[0508/171443.741:ERROR:process_memory_win.cc(73)] ReadMemory at 0x7ffcd3f90000 of 64 bytes failed: Only part of a ReadProcessMemory or WriteProcessMemory request was completed. (0x12B)
[0508/171443.742:WARNING:pe_image_reader.cc(340)] could not read dos header from C:\WINDOWS\SYSTEM32\msmpeg2vdec.dll
[0508/171443.742:ERROR:process_memory_win.cc(73)] ReadMemory at 0x7ffcd9e60000 of 64 bytes failed: Only part of a ReadProcessMemory or WriteProcessMemory request was completed. (0x12B)
[0508/171443.742:WARNING:pe_image_reader.cc(340)] could not read dos header from C:\WINDOWS\SYSTEM32\mfperfhelper.dll
[0508/171443.742:ERROR:process_memory_win.cc(73)] ReadMemory at 0x7ffcee080000 of 64 bytes failed: Only part of a ReadProcessMemory or WriteProcessMemory request was completed. (0x12B)
[0508/171443.742:WARNING:pe_image_reader.cc(340)] could not read dos header from C:\WINDOWS\SYSTEM32\dxva2.dll
[0508/171443.742:ERROR:process_memory_win.cc(73)] ReadMemory at 0x7ffcd3ca0000 of 64 bytes failed: Only part of a ReadProcessMemory or WriteProcessMemory request was completed. (0x12B)
[0508/171443.742:WARNING:pe_image_reader.cc(340)] could not read dos header from C:\WINDOWS\SYSTEM32\msvproc.dll
[0508/171443.742:ERROR:process_memory_win.cc(73)] ReadMemory at 0x7ffcefb30000 of 64 bytes failed: Only part of a ReadProcessMemory or WriteProcessMemory request was completed. (0x12B)
[0508/171443.742:WARNING:pe_image_reader.cc(340)] could not read dos header from C:\WINDOWS\SYSTEM32\CompPkgSup.DLL
[0508/171443.742:ERROR:process_memory_win.cc(73)] ReadMemory at 0x7ffcf3080000 of 64 bytes failed: Only part of a ReadProcessMemory or WriteProcessMemory request was completed. (0x12B)
[0508/171443.742:WARNING:pe_image_reader.cc(340)] could not read dos header from C:\WINDOWS\SYSTEM32\D3DCompiler_47.dll
[0508/171443.742:ERROR:process_memory_win.cc(73)] ReadMemory at 0x7ffcaba80000 of 64 bytes failed: Only part of a ReadProcessMemory or WriteProcessMemory request was completed. (0x12B)
[0508/171443.742:WARNING:pe_image_reader.cc(340)] could not read dos header from C:\Program Files (x86)\Google\Chrome\Application\74.0.3729.131\libglesv2.dll
[0508/171443.742:ERROR:process_memory_win.cc(73)] ReadMemory at 0x7ffce0560000 of 64 bytes failed: Only part of a ReadProcessMemory or WriteProcessMemory request was completed. (0x12B)
[0508/171443.742:WARNING:pe_image_reader.cc(340)] could not read dos header from C:\WINDOWS\SYSTEM32\d3d9.dll
[0508/171443.742:ERROR:process_memory_win.cc(73)] ReadMemory at 0x7ffcf4d50000 of 64 bytes failed: Only part of a ReadProcessMemory or WriteProcessMemory request was completed. (0x12B)
[0508/171443.742:WARNING:pe_image_reader.cc(340)] could not read dos header from C:\WINDOWS\SYSTEM32\dwmapi.dll
[0508/171443.742:ERROR:process_memory_win.cc(73)] ReadMemory at 0x7ffce8250000 of 64 bytes failed: Only part of a ReadProcessMemory or WriteProcessMemory request was completed. (0x12B)
[0508/171443.743:WARNING:pe_image_reader.cc(340)] could not read dos header from C:\Program Files (x86)\Google\Chrome\Application\74.0.3729.131\libegl.dll
[0508/171443.743:ERROR:process_memory_win.cc(73)] ReadMemory at 0x7ffcf34e0000 of 64 bytes failed: Only part of a ReadProcessMemory or WriteProcessMemory request was completed. (0x12B)
[0508/171443.743:WARNING:pe_image_reader.cc(340)] could not read dos header from C:\WINDOWS\SYSTEM32\d3d11.dll
[0508/171443.743:ERROR:process_memory_win.cc(73)] ReadMemory at 0x7ffcf3d20000 of 64 bytes failed: Only part of a ReadProcessMemory or WriteProcessMemory request was completed. (0x12B)
[0508/171443.743:WARNING:pe_image_reader.cc(340)] could not read dos header from C:\WINDOWS\SYSTEM32\dcomp.dll
[0508/171443.743:ERROR:process_memory_win.cc(73)] ReadMemory at 0x7ffcf0dd0000 of 64 bytes failed: Only part of a ReadProcessMemory or WriteProcessMemory request was completed. (0x12B)
[0508/171443.743:WARNING:pe_image_reader.cc(340)] could not read dos header from C:\WINDOWS\SYSTEM32\igd10umd64.dll
[0508/171443.743:ERROR:process_memory_win.cc(73)] ReadMemory at 0x7ffcf8800000 of 64 bytes failed: Only part of a ReadProcessMemory or WriteProcessMemory request was completed. (0x12B)
[0508/171443.743:WARNING:pe_image_reader.cc(340)] could not read dos header from C:\WINDOWS\System32\clbcatq.dll
[0508/171443.743:ERROR:process_memory_win.cc(73)] ReadMemory at 0x7ffcf25a0000 of 64 bytes failed: Only part of a ReadProcessMemory or WriteProcessMemory request was completed. (0x12B)
[0508/171443.743:WARNING:pe_image_reader.cc(340)] could not read dos header from C:\Windows\System32\WinTypes.dll
[0508/171443.743:ERROR:process_memory_win.cc(73)] ReadMemory at 0x7ffcdc260000 of 64 bytes failed: Only part of a ReadProcessMemory or WriteProcessMemory request was completed. (0x12B)
[0508/171443.743:WARNING:pe_image_reader.cc(340)] could not read dos header from C:\Windows\System32\mfh264enc.dll
[0508/171443.743:ERROR:process_memory_win.cc(73)] ReadMemory at 0x7ffcf4c80000 of 64 bytes failed: Only part of a ReadProcessMemory or WriteProcessMemory request was completed. (0x12B)
[0508/171443.743:WARNING:pe_image_reader.cc(340)] could not read dos header from C:\WINDOWS\system32\uxtheme.dll
[0508/171443.743:ERROR:process_memory_win.cc(73)] ReadMemory at 0x7ffcf9ef0000 of 64 bytes failed: Only part of a ReadProcessMemory or WriteProcessMemory request was completed. (0x12B)
[0508/171443.743:WARNING:pe_image_reader.cc(340)] could not read dos header from C:\WINDOWS\System32\MSCTF.dll
[0508/171443.744:ERROR:process_memory_win.cc(73)] ReadMemory at 0x7ffcb99f0000 of 64 bytes failed: Only part of a ReadProcessMemory or WriteProcessMemory request was completed. (0x12B)
[0508/171443.744:WARNING:pe_image_reader.cc(340)] could not read dos header from C:\Windows\System32\Windows.Media.dll
[0508/171443.744:ERROR:process_memory_win.cc(73)] ReadMemory at 0x7ffcf5720000 of 64 bytes failed: Only part of a ReadProcessMemory or WriteProcessMemory request was completed. (0x12B)
[0508/171443.744:WARNING:pe_image_reader.cc(340)] could not read dos header from C:\WINDOWS\SYSTEM32\ntmarta.dll
[0508/171449.887:ERROR:process_memory_win.cc(73)] ReadMemory at 0xf07e5ed000 of 77824 bytes failed: Only part of a ReadProcessMemory or WriteProcessMemory request was completed. (0x12B)
[0508/171449.887:ERROR:process_memory_win.cc(73)] ReadMemory at 0xf07e7fd000 of 12288 bytes failed: Only part of a ReadProcessMemory or WriteProcessMemory request was completed. (0x12B)
[0508/171449.887:ERROR:process_memory_win.cc(73)] ReadMemory at 0xf07e9fd000 of 12288 bytes failed: Only part of a ReadProcessMemory or WriteProcessMemory request was completed. (0x12B)
[0508/171449.887:ERROR:process_memory_win.cc(73)] ReadMemory at 0xf07ebfd000 of 12288 bytes failed: Only part of a ReadProcessMemory or WriteProcessMemory request was completed. (0x12B)
[0508/171449.888:ERROR:process_memory_win.cc(73)] ReadMemory at 0xf07edfd000 of 12288 bytes failed: Only part of a ReadProcessMemory or WriteProcessMemory request was completed. (0x12B)
[0508/171450.074:ERROR:process_memory_win.cc(73)] ReadMemory at 0xf07effc000 of 16384 bytes failed: Only part of a ReadProcessMemory or WriteProcessMemory request was completed. (0x12B)
[0508/171450.074:ERROR:process_memory_win.cc(73)] ReadMemory at 0xf07f1fe000 of 8192 bytes failed: Only part of a ReadProcessMemory or WriteProcessMemory request was completed. (0x12B)
[0508/171450.074:ERROR:process_memory_win.cc(73)] ReadMemory at 0xf07f3f7000 of 36864 bytes failed: Only part of a ReadProcessMemory or WriteProcessMemory request was completed. (0x12B)
[0508/171450.075:ERROR:process_memory_win.cc(73)] ReadMemory at 0xf0001fd000 of 12288 bytes failed: Only part of a ReadProcessMemory or WriteProcessMemory request was completed. (0x12B)
[0508/171450.075:ERROR:process_memory_win.cc(73)] ReadMemory at 0xf0003fd000 of 12288 bytes failed: Only part of a ReadProcessMemory or WriteProcessMemory request was completed. (0x12B)
[0508/171451.566:ERROR:process_memory_win.cc(73)] ReadMemory at 0xf07e2f8000 of 852 bytes failed: Only part of a ReadProcessMemory or WriteProcessMemory request was completed. (0x12B)
[0508/171451.636:ERROR:process_memory_win.cc(73)] ReadMemory at 0xf07e2f9000 of 6024 bytes failed: Only part of a ReadProcessMemory or WriteProcessMemory request was completed. (0x12B)
[0508/171451.760:ERROR:process_memory_win.cc(73)] ReadMemory at 0xf07e2fb000 of 6024 bytes failed: Only part of a ReadProcessMemory or WriteProcessMemory request was completed. (0x12B)
[0508/171451.760:ERROR:process_memory_win.cc(73)] ReadMemory at 0xf07e2fd000 of 6024 bytes failed: Only part of a ReadProcessMemory or WriteProcessMemory request was completed. (0x12B)
[0508/171451.874:ERROR:process_memory_win.cc(73)] ReadMemory at 0xf07e2ff000 of 6024 bytes failed: Only part of a ReadProcessMemory or WriteProcessMemory request was completed. (0x12B)
[0508/171451.889:ERROR:process_memory_win.cc(73)] ReadMemory at 0xf07e301000 of 6024 bytes failed: Only part of a ReadProcessMemory or WriteProcessMemory request was completed. (0x12B)
[0508/171451.889:ERROR:process_memory_win.cc(73)] ReadMemory at 0xf07e303000 of 6024 bytes failed: Only part of a ReadProcessMemory or WriteProcessMemory request was completed. (0x12B)
[0508/171451.890:ERROR:process_memory_win.cc(73)] ReadMemory at 0xf07e305000 of 6024 bytes failed: Only part of a ReadProcessMemory or WriteProcessMemory request was completed. (0x12B)
[0508/171451.890:ERROR:process_memory_win.cc(73)] ReadMemory at 0xf07e307000 of 6024 bytes failed: Only part of a ReadProcessMemory or WriteProcessMemory request was completed. (0x12B)
[0508/171451.890:ERROR:process_memory_win.cc(73)] ReadMemory at 0xf07e31d000 of 6024 bytes failed: Only part of a ReadProcessMemory or WriteProcessMemory request was completed. (0x12B)
[0508/171451.891:ERROR:process_memory_win.cc(73)] ReadMemory at 0xf07e31f000 of 6024 bytes failed: Only part of a ReadProcessMemory or WriteProcessMemory request was completed. (0x12B)
[0508/171451.892:ERROR:process_memory_win.cc(73)] ReadMemory at 0x2dd8a120fe0 of 13182 bytes failed: Only part of a ReadProcessMemory or WriteProcessMemory request was completed. (0x12B)
[0508/171451.892:ERROR:process_memory_win.cc(73)] ReadMemory at 0x2dd8a124370 of 1012 bytes failed: Only part of a ReadProcessMemory or WriteProcessMemory request was completed. (0x12B)
[0508/171451.892:ERROR:process_memory_win.cc(73)] ReadMemory at 0x2dd8a124998 of 118 bytes failed: Only part of a ReadProcessMemory or WriteProcessMemory request was completed. (0x12B)
[0508/171451.893:ERROR:process_memory_win.cc(73)] ReadMemory at 0x2dd8a124a10 of 992 bytes failed: Only part of a ReadProcessMemory or WriteProcessMemory request was completed. (0x12B)
[0508/171451.893:ERROR:process_memory_win.cc(73)] ReadMemory at 0x2dd8a124df2 of 118 bytes failed: Only part of a ReadProcessMemory or WriteProcessMemory request was completed. (0x12B)
[0508/171451.893:ERROR:process_memory_win.cc(73)] ReadMemory at 0x2dd8a124e6a of 30 bytes failed: Only part of a ReadProcessMemory or WriteProcessMemory request was completed. (0x12B)
[0508/171451.893:ERROR:process_memory_win.cc(73)] ReadMemory at 0x2dd8a124ea0 of 58 bytes failed: Only part of a ReadProcessMemory or WriteProcessMemory request was completed. (0x12B)
[0508/171451.893:ERROR:process_memory_win.cc(73)] ReadMemory at 0x2dd8a124fa0 of 132 bytes failed: Only part of a ReadProcessMemory or WriteProcessMemory request was completed. (0x12B)
[0508/171451.894:ERROR:process_memory_win.cc(73)] ReadMemory at 0x2dd8a125130 of 132 bytes failed: Only part of a ReadProcessMemory or WriteProcessMemory request was completed. (0x12B)
[0508/171451.894:ERROR:process_memory_win.cc(73)] ReadMemory at 0x2dd8a125430 of 152 bytes failed: Only part of a ReadProcessMemory or WriteProcessMemory request was completed. (0x12B)
[0508/171451.894:ERROR:process_memory_win.cc(73)] ReadMemory at 0x2dd8a125b40 of 132 bytes failed: Only part of a ReadProcessMemory or WriteProcessMemory request was completed. (0x12B)
[0508/171451.894:ERROR:process_memory_win.cc(73)] ReadMemory at 0x2dd8a125cd0 of 64 bytes failed: Only part of a ReadProcessMemory or WriteProcessMemory request was completed. (0x12B)
[0508/171451.894:ERROR:process_memory_win.cc(73)] ReadMemory at 0x2dd8a125d20 of 132 bytes failed: Only part of a ReadProcessMemory or WriteProcessMemory request was completed. (0x12B)
[0508/171451.894:ERROR:process_memory_win.cc(73)] ReadMemory at 0x2dd8a1260a0 of 62 bytes failed: Only part of a ReadProcessMemory or WriteProcessMemory request was completed. (0x12B)
[0508/171451.895:ERROR:process_memory_win.cc(73)] ReadMemory at 0x2dd8a126130 of 132 bytes failed: Only part of a ReadProcessMemory or WriteProcessMemory request was completed. (0x12B)
[0508/171451.895:ERROR:process_memory_win.cc(73)] ReadMemory at 0x2dd8a1262c0 of 68 bytes failed: Only part of a ReadProcessMemory or WriteProcessMemory request was completed. (0x12B)
[0508/171451.895:ERROR:process_memory_win.cc(73)] ReadMemory at 0x2dd8a131f70 of 64 bytes failed: Only part of a ReadProcessMemory or WriteProcessMemory request was completed. (0x12B)
[0508/171451.895:ERROR:process_memory_win.cc(73)] ReadMemory at 0x2dd8a131fc0 of 66 bytes failed: Only part of a ReadProcessMemory or WriteProcessMemory request was completed. (0x12B)
[0508/171451.895:ERROR:process_memory_win.cc(73)] ReadMemory at 0x2dd8a132010 of 60 bytes failed: Only part of a ReadProcessMemory or WriteProcessMemory request was completed. (0x12B)
[0508/171452.041:ERROR:process_memory_win.cc(73)] ReadMemory at 0x2dd8a132060 of 62 bytes failed: Only part of a ReadProcessMemory or WriteProcessMemory request was completed. (0x12B)
[0508/171452.041:ERROR:process_memory_win.cc(73)] ReadMemory at 0x2dd8a132100 of 64 bytes failed: Only part of a ReadProcessMemory or WriteProcessMemory request was completed. (0x12B)
[0508/171452.042:ERROR:process_memory_win.cc(73)] ReadMemory at 0x2dd8a1321f0 of 62 bytes failed: Only part of a ReadProcessMemory or WriteProcessMemory request was completed. (0x12B)
[0508/171452.042:ERROR:process_memory_win.cc(73)] ReadMemory at 0x2dd8a132290 of 62 bytes failed: Only part of a ReadProcessMemory or WriteProcessMemory request was completed. (0x12B)
[0508/171452.042:ERROR:process_memory_win.cc(73)] ReadMemory at 0x2dd8a1322e0 of 60 bytes failed: Only part of a ReadProcessMemory or WriteProcessMemory request was completed. (0x12B)
[0508/171452.043:ERROR:process_memory_win.cc(73)] ReadMemory at 0x2dd8a132330 of 60 bytes failed: Only part of a ReadProcessMemory or WriteProcessMemory request was completed. (0x12B)
[0508/171452.043:ERROR:process_memory_win.cc(73)] ReadMemory at 0x2dd8a1323d0 of 62 bytes failed: Only part of a ReadProcessMemory or WriteProcessMemory request was completed. (0x12B)
[0508/171452.043:ERROR:process_memory_win.cc(73)] ReadMemory at 0x2dd8a132420 of 60 bytes failed: Only part of a ReadProcessMemory or WriteProcessMemory request was completed. (0x12B)
[0508/171452.044:ERROR:process_memory_win.cc(73)] ReadMemory at 0x2dd8a132470 of 62 bytes failed: Only part of a ReadProcessMemory or WriteProcessMemory request was completed. (0x12B)
[0508/171452.044:ERROR:process_memory_win.cc(73)] ReadMemory at 0x2dd8a1324c0 of 64 bytes failed: Only part of a ReadProcessMemory or WriteProcessMemory request was completed. (0x12B)
[0508/171452.044:ERROR:process_memory_win.cc(73)] ReadMemory at 0x2dd8a132510 of 66 bytes failed: Only part of a ReadProcessMemory or WriteProcessMemory request was completed. (0x12B)
[0508/171452.080:ERROR:process_memory_win.cc(73)] ReadMemory at 0x2dd8a132560 of 62 bytes failed: Only part of a ReadProcessMemory or WriteProcessMemory request was completed. (0x12B)
[0508/171452.408:ERROR:process_memory_win.cc(73)] ReadMemory at 0x2dd8a1325b0 of 64 bytes failed: Only part of a ReadProcessMemory or WriteProcessMemory request was completed. (0x12B)
[0508/171452.408:ERROR:process_memory_win.cc(73)] ReadMemory at 0x2dd8a132600 of 58 bytes failed: Only part of a ReadProcessMemory or WriteProcessMemory request was completed. (0x12B)
[0508/171452.408:ERROR:process_memory_win.cc(73)] ReadMemory at 0x2dd8a132650 of 62 bytes failed: Only part of a ReadProcessMemory or WriteProcessMemory request was completed. (0x12B)
[0508/171452.408:ERROR:process_memory_win.cc(73)] ReadMemory at 0x2dd8a1326a0 of 60 bytes failed: Only part of a ReadProcessMemory or WriteProcessMemory request was completed. (0x12B)
[0508/171452.408:ERROR:process_memory_win.cc(73)] ReadMemory at 0x2dd8a132dd0 of 78 bytes failed: Only part of a ReadProcessMemory or WriteProcessMemory request was completed. (0x12B)
[0508/171452.408:ERROR:process_memory_win.cc(73)] ReadMemory at 0x2dd8a133070 of 80 bytes failed: Only part of a ReadProcessMemory or WriteProcessMemory request was completed. (0x12B)
[0508/171452.408:ERROR:process_memory_win.cc(73)] ReadMemory at 0x2dd8a133670 of 132 bytes failed: Only part of a ReadProcessMemory or WriteProcessMemory request was completed. (0x12B)
[0508/171452.409:ERROR:process_memory_win.cc(73)] ReadMemory at 0x2dd8a133880 of 132 bytes failed: Only part of a ReadProcessMemory or WriteProcessMemory request was completed. (0x12B)
[0508/171452.409:ERROR:process_memory_win.cc(73)] ReadMemory at 0x2dd8a133c60 of 512 bytes failed: Only part of a ReadProcessMemory or WriteProcessMemory request was completed. (0x12B)
[0508/171452.409:ERROR:process_memory_win.cc(73)] ReadMemory at 0x2dd8a1350c0 of 132 bytes failed: Only part of a ReadProcessMemory or WriteProcessMemory request was completed. (0x12B)
[0508/171452.409:ERROR:process_memory_win.cc(73)] ReadMemory at 0x2dd8a1353c0 of 132 bytes failed: Only part of a ReadProcessMemory or WriteProcessMemory request was completed. (0x12B)
[0508/171452.507:ERROR:process_memory_win.cc(73)] ReadMemory at 0x2dd8a1354f0 of 146 bytes failed: Only part of a ReadProcessMemory or WriteProcessMemory request was completed. (0x12B)
[0508/171452.675:ERROR:process_memory_win.cc(73)] ReadMemory at 0x2dd8a1365f0 of 132 bytes failed: Only part of a ReadProcessMemory or WriteProcessMemory request was completed. (0x12B)
[0508/171453.050:ERROR:process_memory_win.cc(73)] ReadMemory at 0x2dd8a136720 of 158 bytes failed: Only part of a ReadProcessMemory or WriteProcessMemory request was completed. (0x12B)
[0508/171453.050:ERROR:process_memory_win.cc(73)] ReadMemory at 0x2dd8a1367f0 of 132 bytes failed: Only part of a ReadProcessMemory or WriteProcessMemory request was completed. (0x12B)
[0508/171453.057:ERROR:process_memory_win.cc(73)] ReadMemory at 0x2dd8a136b80 of 132 bytes failed: Only part of a ReadProcessMemory or WriteProcessMemory request was completed. (0x12B)
[0508/171453.057:ERROR:process_memory_win.cc(73)] ReadMemory at 0x2dd8a136e70 of 132 bytes failed: Only part of a ReadProcessMemory or WriteProcessMemory request was completed. (0x12B)
[0508/171453.057:ERROR:process_memory_win.cc(73)] ReadMemory at 0x2dd8a137240 of 132 bytes failed: Only part of a ReadProcessMemory or WriteProcessMemory request was completed. (0x12B)
[0508/171453.164:ERROR:process_memory_win.cc(73)] ReadMemory at 0x2dd8a137490 of 132 bytes failed: Only part of a ReadProcessMemory or WriteProcessMemory request was completed. (0x12B)
[0508/171453.164:ERROR:process_memory_win.cc(73)] ReadMemory at 0x2dd8a137990 of 132 bytes failed: Only part of a ReadProcessMemory or WriteProcessMemory request was completed. (0x12B)
[0508/171453.164:ERROR:process_memory_win.cc(73)] ReadMemory at 0x2dd8a137bf0 of 132 bytes failed: Only part of a ReadProcessMemory or WriteProcessMemory request was completed. (0x12B)
[0508/171453.164:ERROR:process_memory_win.cc(73)] ReadMemory at 0x2dd8a137d20 of 132 bytes failed: Only part of a ReadProcessMemory or WriteProcessMemory request was completed. (0x12B)
[0508/171453.164:ERROR:process_memory_win.cc(73)] ReadMemory at 0x2dd8a137e50 of 132 bytes failed: Only part of a ReadProcessMemory or WriteProcessMemory request was completed. (0x12B)
[0508/171453.165:ERROR:process_memory_win.cc(73)] ReadMemory at 0x2dd8a137f80 of 132 bytes failed: Only part of a ReadProcessMemory or WriteProcessMemory request was completed. (0x12B)
[0508/171453.165:ERROR:process_memory_win.cc(73)] ReadMemory at 0x2dd8a1380b0 of 132 bytes failed: Only part of a ReadProcessMemory or WriteProcessMemory request was completed. (0x12B)
[0508/171453.165:ERROR:process_memory_win.cc(73)] ReadMemory at 0x2dd8a1381e0 of 132 bytes failed: Only part of a ReadProcessMemory or WriteProcessMemory request was completed. (0x12B)
[0508/171453.165:ERROR:process_memory_win.cc(73)] ReadMemory at 0x2dd8a138310 of 132 bytes failed: Only part of a ReadProcessMemory or WriteProcessMemory request was completed. (0x12B)
[0508/171453.165:ERROR:process_memory_win.cc(73)] ReadMemory at 0x2dd8a138440 of 132 bytes failed: Only part of a ReadProcessMemory or WriteProcessMemory request was completed. (0x12B)
[0508/171453.166:ERROR:process_memory_win.cc(73)] ReadMemory at 0x2dd8a138570 of 132 bytes failed: Only part of a ReadProcessMemory or WriteProcessMemory request was completed. (0x12B)
[0508/171453.166:ERROR:process_memory_win.cc(73)] ReadMemory at 0x2dd8a1386a0 of 132 bytes failed: Only part of a ReadProcessMemory or WriteProcessMemory request was completed. (0x12B)
[0508/171453.166:ERROR:process_memory_win.cc(73)] ReadMemory at 0x2dd8a1387d0 of 132 bytes failed: Only part of a ReadProcessMemory or WriteProcessMemory request was completed. (0x12B)
[0508/171453.166:ERROR:process_memory_win.cc(73)] ReadMemory at 0x2dd8a138900 of 132 bytes failed: Only part of a ReadProcessMemory or WriteProcessMemory request was completed. (0x12B)
[0508/171453.167:ERROR:process_memory_win.cc(73)] ReadMemory at 0x2dd8a138a30 of 132 bytes failed: Only part of a ReadProcessMemory or WriteProcessMemory request was completed. (0x12B)
[0508/171453.167:ERROR:process_memory_win.cc(73)] ReadMemory at 0x2dd8a13a8c0 of 76 bytes failed: Only part of a ReadProcessMemory or WriteProcessMemory request was completed. (0x12B)
[0508/171453.167:ERROR:process_memory_win.cc(73)] ReadMemory at 0x2dd8a13ad80 of 246 bytes failed: Only part of a ReadProcessMemory or WriteProcessMemory request was completed. (0x12B)
[0508/171453.167:ERROR:process_memory_win.cc(73)] ReadMemory at 0x2dd8a13b3c0 of 132 bytes failed: Only part of a ReadProcessMemory or WriteProcessMemory request was completed. (0x12B)
[0508/171453.167:ERROR:process_memory_win.cc(73)] ReadMemory at 0x2dd8a13b4f0 of 132 bytes failed: Only part of a ReadProcessMemory or WriteProcessMemory request was completed. (0x12B)
[0508/171453.312:ERROR:process_memory_win.cc(73)] ReadMemory at 0x2dd8a13b620 of 132 bytes failed: Only part of a ReadProcessMemory or WriteProcessMemory request was completed. (0x12B)
[0508/171453.313:ERROR:process_memory_win.cc(73)] ReadMemory at 0x2dd8a13b750 of 132 bytes failed: Only part of a ReadProcessMemory or WriteProcessMemory request was completed. (0x12B)
[0508/171453.314:ERROR:process_memory_win.cc(73)] ReadMemory at 0x2dd8a13b880 of 132 bytes failed: Only part of a ReadProcessMemory or WriteProcessMemory request was completed. (0x12B)
[0508/171453.314:ERROR:process_memory_win.cc(73)] ReadMemory at 0x2dd8a13b9b0 of 132 bytes failed: Only part of a ReadProcessMemory or WriteProcessMemory request was completed. (0x12B)
[0508/171453.314:ERROR:process_memory_win.cc(73)] ReadMemory at 0x2dd8a13bae0 of 132 bytes failed: Only part of a ReadProcessMemory or WriteProcessMemory request was completed. (0x12B)
[0508/171453.315:ERROR:process_memory_win.cc(73)] ReadMemory at 0x2dd8a13bc10 of 132 bytes failed: Only part of a ReadProcessMemory or WriteProcessMemory request was completed. (0x12B)
[0508/171453.315:ERROR:process_memory_win.cc(73)] ReadMemory at 0x2dd8a13bd40 of 132 bytes failed: Only part of a ReadProcessMemory or WriteProcessMemory request was completed. (0x12B)
[0508/171453.315:ERROR:process_memory_win.cc(73)] ReadMemory at 0x2dd8a13be70 of 132 bytes failed: Only part of a ReadProcessMemory or WriteProcessMemory request was completed. (0x12B)
[0508/171453.316:ERROR:process_memory_win.cc(73)] ReadMemory at 0x2dd8a13bfa0 of 132 bytes failed: Only part of a ReadProcessMemory or WriteProcessMemory request was completed. (0x12B)
[0508/171453.316:ERROR:process_memory_win.cc(73)] ReadMemory at 0x2dd8a13c0d0 of 132 bytes failed: Only part of a ReadProcessMemory or WriteProcessMemory request was completed. (0x12B)
[0508/171453.316:ERROR:process_memory_win.cc(73)] ReadMemory at 0x2dd8a13c200 of 132 bytes failed: Only part of a ReadProcessMemory or WriteProcessMemory request was completed. (0x12B)
[0508/171453.317:ERROR:process_memory_win.cc(73)] ReadMemory at 0x2dd8a13c330 of 132 bytes failed: Only part of a ReadProcessMemory or WriteProcessMemory request was completed. (0x12B)
[0508/171453.317:ERROR:process_memory_win.cc(73)] ReadMemory at 0x2dd8a13c460 of 132 bytes failed: Only part of a ReadProcessMemory or WriteProcessMemory request was completed. (0x12B)
[0508/171453.317:ERROR:process_memory_win.cc(73)] ReadMemory at 0x2dd8a13c590 of 132 bytes failed: Only part of a ReadProcessMemory or WriteProcessMemory request was completed. (0x12B)
[0508/171453.318:ERROR:process_memory_win.cc(73)] ReadMemory at 0x2dd8a13c6c0 of 132 bytes failed: Only part of a ReadProcessMemory or WriteProcessMemory request was completed. (0x12B)
[0508/171453.318:ERROR:process_memory_win.cc(73)] ReadMemory at 0x2dd8a13c7f0 of 132 bytes failed: Only part of a ReadProcessMemory or WriteProcessMemory request was completed. (0x12B)
[0508/171453.319:ERROR:process_memory_win.cc(73)] ReadMemory at 0x2dd8a13c920 of 132 bytes failed: Only part of a ReadProcessMemory or WriteProcessMemory request was completed. (0x12B)
[0508/171453.319:ERROR:process_memory_win.cc(73)] ReadMemory at 0x2dd8a13ca50 of 132 bytes failed: Only part of a ReadProcessMemory or WriteProcessMemory request was completed. (0x12B)
[0508/171453.319:ERROR:process_memory_win.cc(73)] ReadMemory at 0x2dd8a13cb80 of 132 bytes failed: Only part of a ReadProcessMemory or WriteProcessMemory request was completed. (0x12B)
[0508/171453.320:ERROR:process_memory_win.cc(73)] ReadMemory at 0x2dd8a13ccb0 of 132 bytes failed: Only part of a ReadProcessMemory or WriteProcessMemory request was completed. (0x12B)
[0508/171453.320:ERROR:process_memory_win.cc(73)] ReadMemory at 0x2dd8a13cde0 of 132 bytes failed: Only part of a ReadProcessMemory or WriteProcessMemory request was completed. (0x12B)
[0508/171453.320:ERROR:process_memory_win.cc(73)] ReadMemory at 0x2dd8a13cf10 of 132 bytes failed: Only part of a ReadProcessMemory or WriteProcessMemory request was completed. (0x12B)
[0508/171453.320:ERROR:process_memory_win.cc(73)] ReadMemory at 0x2dd8a13d040 of 132 bytes failed: Only part of a ReadProcessMemory or WriteProcessMemory request was completed. (0x12B)
[0508/171453.321:ERROR:process_memory_win.cc(73)] ReadMemory at 0x2dd8a13d170 of 132 bytes failed: Only part of a ReadProcessMemory or WriteProcessMemory request was completed. (0x12B)
[0508/171453.321:ERROR:process_memory_win.cc(73)] ReadMemory at 0x2dd8a13d380 of 154 bytes failed: Only part of a ReadProcessMemory or WriteProcessMemory request was completed. (0x12B)
[0508/171453.321:ERROR:process_memory_win.cc(73)] ReadMemory at 0x2dd8a13ded0 of 58 bytes failed: Only part of a ReadProcessMemory or WriteProcessMemory request was completed. (0x12B)
[0508/171453.322:ERROR:process_memory_win.cc(73)] ReadMemory at 0x2dd8a13df20 of 62 bytes failed: Only part of a ReadProcessMemory or WriteProcessMemory request was completed. (0x12B)
[0508/171453.322:ERROR:process_memory_win.cc(73)] ReadMemory at 0x2dd8a13e380 of 62 bytes failed: Only part of a ReadProcessMemory or WriteProcessMemory request was completed. (0x12B)
[0508/171453.322:ERROR:process_memory_win.cc(73)] ReadMemory at 0x2dd8a13e420 of 66 bytes failed: Only part of a ReadProcessMemory or WriteProcessMemory request was completed. (0x12B)
[0508/171453.323:ERROR:process_memory_win.cc(73)] ReadMemory at 0x2dd8a13e600 of 58 bytes failed: Only part of a ReadProcessMemory or WriteProcessMemory request was completed. (0x12B)
[0508/171453.323:ERROR:process_memory_win.cc(73)] ReadMemory at 0x2dd8a13ea60 of 66 bytes failed: Only part of a ReadProcessMemory or WriteProcessMemory request was completed. (0x12B)
[0508/171453.323:ERROR:process_memory_win.cc(73)] ReadMemory at 0x2dd8a14bdd0 of 54 bytes failed: Only part of a ReadProcessMemory or WriteProcessMemory request was completed. (0x12B)
[0508/171453.324:ERROR:process_memory_win.cc(73)] ReadMemory at 0x2dd8a14ee20 of 64 bytes failed: Only part of a ReadProcessMemory or WriteProcessMemory request was completed. (0x12B)
[0508/171453.324:ERROR:process_memory_win.cc(73)] ReadMemory at 0x2dd8a14ee70 of 64 bytes failed: Only part of a ReadProcessMemory or WriteProcessMemory request was completed. (0x12B)
[0508/171453.324:ERROR:process_memory_win.cc(73)] ReadMemory at 0x2dd8a14efb0 of 60 bytes failed: Only part of a ReadProcessMemory or WriteProcessMemory request was completed. (0x12B)
[0508/171453.325:ERROR:process_memory_win.cc(73)] ReadMemory at 0x2dd8a14f000 of 58 bytes failed: Only part of a ReadProcessMemory or WriteProcessMemory request was completed. (0x12B)
[0508/171453.325:ERROR:process_memory_win.cc(73)] ReadMemory at 0x2dd8a14f050 of 62 bytes failed: Only part of a ReadProcessMemory or WriteProcessMemory request was completed. (0x12B)
[0508/171453.326:ERROR:process_memory_win.cc(73)] ReadMemory at 0x2dd8a14f140 of 64 bytes failed: Only part of a ReadProcessMemory or WriteProcessMemory request was completed. (0x12B)
[0508/171453.326:ERROR:process_memory_win.cc(73)] ReadMemory at 0x2dd8a14f230 of 60 bytes failed: Only part of a ReadProcessMemory or WriteProcessMemory request was completed. (0x12B)
[0508/171453.326:ERROR:process_memory_win.cc(73)] ReadMemory at 0x2dd8a14f320 of 64 bytes failed: Only part of a ReadProcessMemory or WriteProcessMemory request was completed. (0x12B)
[0508/171453.327:ERROR:process_memory_win.cc(73)] ReadMemory at 0x2dd8a14f410 of 60 bytes failed: Only part of a ReadProcessMemory or WriteProcessMemory request was completed. (0x12B)
[0508/171453.327:ERROR:process_memory_win.cc(73)] ReadMemory at 0x2dd8a14f5a0 of 64 bytes failed: Only part of a ReadProcessMemory or WriteProcessMemory request was completed. (0x12B)
[0508/171453.327:ERROR:process_memory_win.cc(73)] ReadMemory at 0x2dd8a14f5f0 of 60 bytes failed: Only part of a ReadProcessMemory or WriteProcessMemory request was completed. (0x12B)
[0508/171453.328:ERROR:process_memory_win.cc(73)] ReadMemory at 0x2dd8a14f640 of 60 bytes failed: Only part of a ReadProcessMemory or WriteProcessMemory request was completed. (0x12B)
[0508/171453.328:ERROR:process_memory_win.cc(73)] ReadMemory at 0x2dd8a14f690 of 62 bytes failed: Only part of a ReadProcessMemory or WriteProcessMemory request was completed. (0x12B)
[0508/171453.328:ERROR:process_memory_win.cc(73)] ReadMemory at 0x2dd8a14f730 of 68 bytes failed: Only part of a ReadProcessMemory or WriteProcessMemory request was completed. (0x12B)
[0508/171453.329:ERROR:process_memory_win.cc(73)] ReadMemory at 0x2dd8a14f820 of 64 bytes failed: Only part of a ReadProcessMemory or WriteProcessMemory request was completed. (0x12B)
[0508/171453.329:ERROR:process_memory_win.cc(73)] ReadMemory at 0x2dd8a14f960 of 64 bytes failed: Only part of a ReadProcessMemory or WriteProcessMemory request was completed. (0x12B)
[0508/171453.329:ERROR:process_memory_win.cc(73)] ReadMemory at 0x2dd8a14fa50 of 64 bytes failed: Only part of a ReadProcessMemory or WriteProcessMemory request was completed. (0x12B)
[0508/171453.329:ERROR:process_memory_win.cc(73)] ReadMemory at 0x2dd8a14faa0 of 62 bytes failed: Only part of a ReadProcessMemory or WriteProcessMemory request was completed. (0x12B)
[0508/171453.330:ERROR:process_memory_win.cc(73)] ReadMemory at 0x2dd8a14fb40 of 60 bytes failed: Only part of a ReadProcessMemory or WriteProcessMemory request was completed. (0x12B)
[0508/171453.330:ERROR:process_memory_win.cc(73)] ReadMemory at 0x2dd8a14fbe0 of 62 bytes failed: Only part of a ReadProcessMemory or WriteProcessMemory request was completed. (0x12B)
[0508/171453.331:ERROR:process_memory_win.cc(73)] ReadMemory at 0x2dd8a14fc30 of 62 bytes failed: Only part of a ReadProcessMemory or WriteProcessMemory request was completed. (0x12B)
[0508/171453.331:ERROR:process_memory_win.cc(73)] ReadMemory at 0x2dd8a14fc80 of 56 bytes failed: Only part of a ReadProcessMemory or WriteProcessMemory request was completed. (0x12B)
[0508/171453.331:ERROR:process_memory_win.cc(73)] ReadMemory at 0x2dd8a14fd20 of 58 bytes failed: Only part of a ReadProcessMemory or WriteProcessMemory request was completed. (0x12B)
[0508/171453.332:ERROR:process_memory_win.cc(73)] ReadMemory at 0x2dd8a152750 of 80 bytes failed: Only part of a ReadProcessMemory or WriteProcessMemory request was completed. (0x12B)
[0508/171453.332:ERROR:process_memory_win.cc(73)] ReadMemory at 0x2dd8a152cf0 of 72 bytes failed: Only part of a ReadProcessMemory or WriteProcessMemory request was completed. (0x12B)
[0508/171453.332:ERROR:process_memory_win.cc(73)] ReadMemory at 0x2dd8a153170 of 76 bytes failed: Only part of a ReadProcessMemory or WriteProcessMemory request was completed. (0x12B)
[0508/171453.333:ERROR:process_memory_win.cc(73)] ReadMemory at 0x2dd8a153580 of 132 bytes failed: Only part of a ReadProcessMemory or WriteProcessMemory request was completed. (0x12B)
[0508/171453.333:ERROR:process_memory_win.cc(73)] ReadMemory at 0x2dd8a1536b0 of 132 bytes failed: Only part of a ReadProcessMemory or WriteProcessMemory request was completed. (0x12B)
[0508/171453.333:ERROR:process_memory_win.cc(73)] ReadMemory at 0x2dd8a1537e0 of 132 bytes failed: Only part of a ReadProcessMemory or WriteProcessMemory request was completed. (0x12B)
[0508/171453.333:ERROR:process_memory_win.cc(73)] ReadMemory at 0x2dd8a153910 of 132 bytes failed: Only part of a ReadProcessMemory or WriteProcessMemory request was completed. (0x12B)
[0508/171453.333:ERROR:process_memory_win.cc(73)] ReadMemory at 0x2dd8a153a40 of 132 bytes failed: Only part of a ReadProcessMemory or WriteProcessMemory request was completed. (0x12B)
[0508/171453.333:ERROR:process_memory_win.cc(73)] ReadMemory at 0x2dd8a153b70 of 132 bytes failed: Only part of a ReadProcessMemory or WriteProcessMemory request was completed. (0x12B)
[0508/171453.334:ERROR:process_memory_win.cc(73)] ReadMemory at 0x2dd8a153dd0 of 132 bytes failed: Only part of a ReadProcessMemory or WriteProcessMemory request was completed. (0x12B)
[0508/171453.436:ERROR:process_memory_win.cc(73)] ReadMemory at 0x2dd8a154030 of 132 bytes failed: Only part of a ReadProcessMemory or WriteProcessMemory request was completed. (0x12B)
[0508/171453.436:ERROR:process_memory_win.cc(73)] ReadMemory at 0x2dd8a154160 of 132 bytes failed: Only part of a ReadProcessMemory or WriteProcessMemory request was completed. (0x12B)
[0508/171453.436:ERROR:process_memory_win.cc(73)] ReadMemory at 0x2dd8a154290 of 132 bytes failed: Only part of a ReadProcessMemory or WriteProcessMemory request was completed. (0x12B)
[0508/171453.436:ERROR:process_memory_win.cc(73)] ReadMemory at 0x2dd8a1543c0 of 132 bytes failed: Only part of a ReadProcessMemory or WriteProcessMemory request was completed. (0x12B)
[0508/171453.436:ERROR:process_memory_win.cc(73)] ReadMemory at 0x2dd8a1544f0 of 132 bytes failed: Only part of a ReadProcessMemory or WriteProcessMemory request was completed. (0x12B)
[0508/171453.437:ERROR:process_memory_win.cc(73)] ReadMemory at 0x2dd8a154620 of 132 bytes failed: Only part of a ReadProcessMemory or WriteProcessMemory request was completed. (0x12B)
[0508/171453.437:ERROR:process_memory_win.cc(73)] ReadMemory at 0x2dd8a154750 of 132 bytes failed: Only part of a ReadProcessMemory or WriteProcessMemory request was completed. (0x12B)
[0508/171453.437:ERROR:process_memory_win.cc(73)] ReadMemory at 0x2dd8a154880 of 132 bytes failed: Only part of a ReadProcessMemory or WriteProcessMemory request was completed. (0x12B)
[0508/171453.437:ERROR:process_memory_win.cc(73)] ReadMemory at 0x2dd8a1549b0 of 132 bytes failed: Only part of a ReadProcessMemory or WriteProcessMemory request was completed. (0x12B)
[0508/171453.437:ERROR:process_memory_win.cc(73)] ReadMemory at 0x2dd8a154ae0 of 132 bytes failed: Only part of a ReadProcessMemory or WriteProcessMemory request was completed. (0x12B)
[0508/171453.437:ERROR:process_memory_win.cc(73)] ReadMemory at 0x2dd8a154c10 of 132 bytes failed: Only part of a ReadProcessMemory or WriteProcessMemory request was completed. (0x12B)
[0508/171453.437:ERROR:process_memory_win.cc(73)] ReadMemory at 0x2dd8a154d40 of 132 bytes failed: Only part of a ReadProcessMemory or WriteProcessMemory request was completed. (0x12B)
[0508/171453.438:ERROR:process_memory_win.cc(73)] ReadMemory at 0x2dd8a154e70 of 132 bytes failed: Only part of a ReadProcessMemory or WriteProcessMemory request was completed. (0x12B)
[0508/171453.438:ERROR:process_memory_win.cc(73)] ReadMemory at 0x2dd8a154fa0 of 132 bytes failed: Only part of a ReadProcessMemory or WriteProcessMemory request was completed. (0x12B)
[0508/171453.438:ERROR:process_memory_win.cc(73)] ReadMemory at 0x2dd8a1550d0 of 132 bytes failed: Only part of a ReadProcessMemory or WriteProcessMemory request was completed. (0x12B)
[0508/171453.438:ERROR:process_memory_win.cc(73)] ReadMemory at 0x2dd8a155200 of 132 bytes failed: Only part of a ReadProcessMemory or WriteProcessMemory request was completed. (0x12B)
[0508/171453.438:ERROR:process_memory_win.cc(73)] ReadMemory at 0x2dd8a155330 of 132 bytes failed: Only part of a ReadProcessMemory or WriteProcessMemory request was completed. (0x12B)
[0508/171453.438:ERROR:process_memory_win.cc(73)] ReadMemory at 0x2dd8a159940 of 64 bytes failed: Only part of a ReadProcessMemory or WriteProcessMemory request was completed. (0x12B)
[0508/171453.439:ERROR:process_memory_win.cc(73)] ReadMemory at 0x2dd8a159b20 of 60 bytes failed: Only part of a ReadProcessMemory or WriteProcessMemory request was completed. (0x12B)
[0508/171453.439:ERROR:process_memory_win.cc(73)] ReadMemory at 0x2dd8a159df0 of 60 bytes failed: Only part of a ReadProcessMemory or WriteProcessMemory request was completed. (0x12B)
[0508/171453.514:ERROR:process_memory_win.cc(73)] ReadMemory at 0x2dd8a1683c0 of 126 bytes failed: Only part of a ReadProcessMemory or WriteProcessMemory request was completed. (0x12B)
[0508/171453.515:ERROR:process_memory_win.cc(73)] ReadMemory at 0x2dd8a169080 of 52 bytes failed: Only part of a ReadProcessMemory or WriteProcessMemory request was completed. (0x12B)
[0508/171453.515:ERROR:process_memory_win.cc(73)] ReadMemory at 0x2dd8a1719e0 of 58 bytes failed: Only part of a ReadProcessMemory or WriteProcessMemory request was completed. (0x12B)
[0508/171453.515:ERROR:process_memory_win.cc(73)] ReadMemory at 0x2dd8a171a30 of 68 bytes failed: Only part of a ReadProcessMemory or WriteProcessMemory request was completed. (0x12B)
[0508/171453.515:ERROR:process_memory_win.cc(73)] ReadMemory at 0x2dd8a1722a0 of 70 bytes failed: Only part of a ReadProcessMemory or WriteProcessMemory request was completed. (0x12B)
[0508/171453.515:ERROR:process_memory_win.cc(73)] ReadMemory at 0x2dd8a172750 of 62 bytes failed: Only part of a ReadProcessMemory or WriteProcessMemory request was completed. (0x12B)
[0508/171453.515:ERROR:process_memory_win.cc(73)] ReadMemory at 0x2dd8a172890 of 62 bytes failed: Only part of a ReadProcessMemory or WriteProcessMemory request was completed. (0x12B)
[0508/171453.515:ERROR:process_memory_win.cc(73)] ReadMemory at 0x2dd8a176d80 of 68 bytes failed: Only part of a ReadProcessMemory or WriteProcessMemory request was completed. (0x12B)
[0508/171453.515:ERROR:process_memory_win.cc(73)] ReadMemory at 0x2dd8a176f10 of 60 bytes failed: Only part of a ReadProcessMemory or WriteProcessMemory request was completed. (0x12B)
[0508/171453.516:ERROR:process_memory_win.cc(73)] ReadMemory at 0x2dd8a177230 of 56 bytes failed: Only part of a ReadProcessMemory or WriteProcessMemory request was completed. (0x12B)
[0508/171453.516:ERROR:process_memory_win.cc(73)] ReadMemory at 0x2dd8a177640 of 58 bytes failed: Only part of a ReadProcessMemory or WriteProcessMemory request was completed. (0x12B)
[0508/171453.516:ERROR:process_memory_win.cc(73)] ReadMemory at 0x2dd8a1776e0 of 62 bytes failed: Only part of a ReadProcessMemory or WriteProcessMemory request was completed. (0x12B)
[0508/171453.516:ERROR:process_memory_win.cc(73)] ReadMemory at 0x2dd8a177870 of 58 bytes failed: Only part of a ReadProcessMemory or WriteProcessMemory request was completed. (0x12B)
[0508/171453.516:ERROR:process_memory_win.cc(73)] ReadMemory at 0x2dd8a19bd00 of 512 bytes failed: Only part of a ReadProcessMemory or WriteProcessMemory request was completed. (0x12B)
[0508/171453.516:ERROR:process_memory_win.cc(73)] ReadMemory at 0x2dd8a1a6fe8 of 512 bytes failed: Only part of a ReadProcessMemory or WriteProcessMemory request was completed. (0x12B)
[0508/171453.516:ERROR:process_memory_win.cc(73)] ReadMemory at 0x2dd8a1db1a0 of 64 bytes failed: Only part of a ReadProcessMemory or WriteProcessMemory request was completed. (0x12B)
[0508/171453.516:ERROR:process_memory_win.cc(73)] ReadMemory at 0x2dd8a1dcad0 of 132 bytes failed: Only part of a ReadProcessMemory or WriteProcessMemory request was completed. (0x12B)
[0508/171453.516:ERROR:process_memory_win.cc(73)] ReadMemory at 0x2dd8a1dcc00 of 132 bytes failed: Only part of a ReadProcessMemory or WriteProcessMemory request was completed. (0x12B)
[0508/171453.517:ERROR:process_memory_win.cc(73)] ReadMemory at 0x2dd8a1dd450 of 132 bytes failed: Only part of a ReadProcessMemory or WriteProcessMemory request was completed. (0x12B)
[0508/171453.517:ERROR:process_memory_win.cc(73)] ReadMemory at 0x2dd8a1dda40 of 132 bytes failed: Only part of a ReadProcessMemory or WriteProcessMemory request was completed. (0x12B)
[0508/171453.517:ERROR:process_memory_win.cc(73)] ReadMemory at 0x2dd8a1ddca0 of 132 bytes failed: Only part of a ReadProcessMemory or WriteProcessMemory request was completed. (0x12B)
[0508/171453.517:ERROR:process_memory_win.cc(73)] ReadMemory at 0x2dd8a1eab30 of 512 bytes failed: Only part of a ReadProcessMemory or WriteProcessMemory request was completed. (0x12B)
[0508/171453.517:ERROR:process_memory_win.cc(73)] ReadMemory at 0x2dd8a1eb8d0 of 512 bytes failed: Only part of a ReadProcessMemory or WriteProcessMemory request was completed. (0x12B)
[0508/171453.517:ERROR:process_memory_win.cc(73)] ReadMemory at 0x2dd8a1eeca0 of 66 bytes failed: Only part of a ReadProcessMemory or WriteProcessMemory request was completed. (0x12B)
[0508/171453.517:ERROR:process_memory_win.cc(73)] ReadMemory at 0x2dd8a412c20 of 512 bytes failed: Only part of a ReadProcessMemory or WriteProcessMemory request was completed. (0x12B)
[0508/171453.517:ERROR:process_memory_win.cc(73)] ReadMemory at 0x2dd8a45ff80 of 512 bytes failed: Only part of a ReadProcessMemory or WriteProcessMemory request was completed. (0x12B)
[0508/171453.517:ERROR:process_memory_win.cc(73)] ReadMemory at 0x2dd8a93b280 of 512 bytes failed: Only part of a ReadProcessMemory or WriteProcessMemory request was completed. (0x12B)
[0508/171453.606:ERROR:process_memory_win.cc(73)] ReadMemory at 0x2dd8be05060 of 512 bytes failed: Only part of a ReadProcessMemory or WriteProcessMemory request was completed. (0x12B)
[0508/171453.607:ERROR:process_memory_win.cc(73)] ReadMemory at 0x2dd8be17c80 of 512 bytes failed: Only part of a ReadProcessMemory or WriteProcessMemory request was completed. (0x12B)
[0508/171453.607:ERROR:process_memory_win.cc(73)] ReadMemory at 0x2dd8be43510 of 512 bytes failed: Only part of a ReadProcessMemory or WriteProcessMemory request was completed. (0x12B)
[0508/171453.607:ERROR:process_memory_win.cc(73)] ReadMemory at 0x2dd8e0707b0 of 62 bytes failed: Only part of a ReadProcessMemory or WriteProcessMemory request was completed. (0x12B)
[0508/171453.608:ERROR:process_memory_win.cc(73)] ReadMemory at 0x2dd8e0708f0 of 58 bytes failed: Only part of a ReadProcessMemory or WriteProcessMemory request was completed. (0x12B)
[0508/171453.608:ERROR:process_memory_win.cc(73)] ReadMemory at 0x2dd8e0e6b50 of 62 bytes failed: Only part of a ReadProcessMemory or WriteProcessMemory request was completed. (0x12B)
[0508/171453.609:ERROR:process_memory_win.cc(73)] ReadMemory at 0x2dd8e12e1f0 of 512 bytes failed: Only part of a ReadProcessMemory or WriteProcessMemory request was completed. (0x12B)
[0508/171453.609:ERROR:process_memory_win.cc(73)] ReadMemory at 0x2dd8f771830 of 512 bytes failed: Only part of a ReadProcessMemory or WriteProcessMemory request was completed. (0x12B)
[0508/171453.609:ERROR:process_memory_win.cc(73)] ReadMemory at 0x2dd8f818f70 of 74 bytes failed: Only part of a ReadProcessMemory or WriteProcessMemory request was completed. (0x12B)
[0508/171453.610:ERROR:process_memory_win.cc(73)] ReadMemory at 0x2dd8f85cf80 of 132 bytes failed: Only part of a ReadProcessMemory or WriteProcessMemory request was completed. (0x12B)
[0508/171453.613:ERROR:process_memory_win.cc(73)] ReadMemory at 0x2dd8f85da30 of 132 bytes failed: Only part of a ReadProcessMemory or WriteProcessMemory request was completed. (0x12B)
[0508/171453.613:ERROR:process_memory_win.cc(73)] ReadMemory at 0x7ffca2a32f0f of 512 bytes failed: Only part of a ReadProcessMemory or WriteProcessMemory request was completed. (0x12B)
[0508/171453.613:ERROR:process_memory_win.cc(73)] ReadMemory at 0x7ffca5228d20 of 512 bytes failed: Only part of a ReadProcessMemory or WriteProcessMemory request was completed. (0x12B)
[0508/171453.614:ERROR:process_memory_win.cc(73)] ReadMemory at 0x7ffca530fdd8 of 512 bytes failed: Only part of a ReadProcessMemory or WriteProcessMemory request was completed. (0x12B)
[0508/171453.614:ERROR:process_memory_win.cc(73)] ReadMemory at 0x7ffcf6735604 of 512 bytes failed: Only part of a ReadProcessMemory or WriteProcessMemory request was completed. (0x12B)
[0508/171453.614:ERROR:process_memory_win.cc(73)] ReadMemory at 0x7ffcf6739884 of 512 bytes failed: Only part of a ReadProcessMemory or WriteProcessMemory request was completed. (0x12B)
[0508/171453.615:ERROR:process_memory_win.cc(73)] ReadMemory at 0x7ffcf7ad21f0 of 512 bytes failed: Only part of a ReadProcessMemory or WriteProcessMemory request was completed. (0x12B)
[0508/171453.615:ERROR:process_memory_win.cc(73)] ReadMemory at 0x7ffcfa0ef4b0 of 512 bytes failed: Only part of a ReadProcessMemory or WriteProcessMemory request was completed. (0x12B)
[0508/171453.615:ERROR:process_memory_win.cc(73)] ReadMemory at 0x7ffcfa62ff00 of 512 bytes failed: Only part of a ReadProcessMemory or WriteProcessMemory request was completed. (0x12B)
[0508/171453.616:ERROR:process_memory_win.cc(73)] ReadMemory at 0x7ffcfa67f694 of 672 bytes failed: Only part of a ReadProcessMemory or WriteProcessMemory request was completed. (0x12B)
[0508/171453.616:ERROR:process_memory_win.cc(73)] ReadMemory at 0x7ffcfa67fc94 of 512 bytes failed: Only part of a ReadProcessMemory or WriteProcessMemory request was completed. (0x12B)
[0508/171453.617:ERROR:process_memory_win.cc(73)] ReadMemory at 0x7ffcfa682f84 of 512 bytes failed: Only part of a ReadProcessMemory or WriteProcessMemory request was completed. (0x12B)
[0508/171453.617:ERROR:process_memory_win.cc(73)] ReadMemory at 0x7ffcfa70c0c8 of 18 bytes failed: Only part of a ReadProcessMemory or WriteProcessMemory request was completed. (0x12B)
[0508/171453.617:ERROR:process_memory_win.cc(73)] ReadMemory at 0x7ffcfa73f4f8 of 40 bytes failed: Only part of a ReadProcessMemory or WriteProcessMemory request was completed. (0x12B)
[0508/171453.618:ERROR:process_memory_win.cc(73)] ReadMemory at 0x7ffcfa73f978 of 48 bytes failed: Only part of a ReadProcessMemory or WriteProcessMemory request was completed. (0x12B)
[0508/171453.618:ERROR:process_memory_win.cc(73)] ReadMemory at 0x7ffcfa7453a0 of 64 bytes failed: Only part of a ReadProcessMemory or WriteProcessMemory request was completed. (0x12B)
[0508/171453.636:ERROR:scoped_process_suspend.cc(40)] NtResumeProcess: An attempt was made to access an exiting process. (0xc000010a)
